2024-11-12T00:04:39.653+02:00  INFO 8364 --- [Employee Management] [main] c.d.e.m.EmployeeManagementApplication    : Starting EmployeeManagementApplication using Java 17.0.8 with PID 8364 (E:\Projects\Employee Management\target\classes started by Abdelrahman in E:\Projects\Employee Management)
2024-11-12T00:04:39.664+02:00  INFO 8364 --- [Employee Management] [main] c.d.e.m.EmployeeManagementApplication    : No active profile set, falling back to 1 default profile: "default"
2024-11-12T00:04:42.407+02:00  INFO 8364 --- [Employee Management] [main] .s.d.r.c.RepositoryConfigurationDelegate : Bootstrapping Spring Data JPA repositories in DEFAULT mode.
2024-11-12T00:04:42.652+02:00  INFO 8364 --- [Employee Management] [main] .s.d.r.c.RepositoryConfigurationDelegate : Finished Spring Data repository scanning in 213 ms. Found 1 JPA repository interface.
2024-11-12T00:04:45.956+02:00  INFO 8364 --- [Employee Management] [main] o.s.b.w.embedded.tomcat.TomcatWebServer  : Tomcat initialized with port 8080 (http)
2024-11-12T00:04:46.008+02:00  INFO 8364 --- [Employee Management] [main] o.apache.catalina.core.StandardService   : Starting service [Tomcat]
2024-11-12T00:04:46.009+02:00  INFO 8364 --- [Employee Management] [main] o.apache.catalina.core.StandardEngine    : Starting Servlet engine: [Apache Tomcat/10.1.31]
2024-11-12T00:04:46.293+02:00  INFO 8364 --- [Employee Management] [main] o.a.c.c.C.[Tomcat].[localhost].[/]       : Initializing Spring embedded WebApplicationContext
2024-11-12T00:04:46.298+02:00  INFO 8364 --- [Employee Management] [main] w.s.c.ServletWebServerApplicationContext : Root WebApplicationContext: initialization completed in 6404 ms
2024-11-12T00:04:46.544+02:00  INFO 8364 --- [Employee Management] [main] com.zaxxer.hikari.HikariDataSource       : HikariPool-1 - Starting...
2024-11-12T00:04:47.661+02:00  INFO 8364 --- [Employee Management] [main] com.zaxxer.hikari.pool.HikariPool        : HikariPool-1 - Added connection conn0: url=jdbc:h2:mem:testdb user=SA
2024-11-12T00:04:47.664+02:00  INFO 8364 --- [Employee Management] [main] com.zaxxer.hikari.HikariDataSource       : HikariPool-1 - Start completed.
2024-11-12T00:04:47.734+02:00  INFO 8364 --- [Employee Management] [main] o.s.b.a.h2.H2ConsoleAutoConfiguration    : H2 console available at '/h2-console'. Database available at 'jdbc:h2:mem:testdb'
2024-11-12T00:04:48.211+02:00  INFO 8364 --- [Employee Management] [main] o.hibernate.jpa.internal.util.LogHelper  : HHH000204: Processing PersistenceUnitInfo [name: default]
2024-11-12T00:04:49.128+02:00  INFO 8364 --- [Employee Management] [main] org.hibernate.Version                    : HHH000412: Hibernate ORM core version 6.5.3.Final
2024-11-12T00:04:49.332+02:00  INFO 8364 --- [Employee Management] [main] o.h.c.internal.RegionFactoryInitiator    : HHH000026: Second-level cache disabled
2024-11-12T00:04:52.601+02:00  INFO 8364 --- [Employee Management] [main] o.s.o.j.p.SpringPersistenceUnitInfo      : No LoadTimeWeaver setup: ignoring JPA class transformer
2024-11-12T00:04:57.236+02:00  INFO 8364 --- [Employee Management] [main] o.h.e.t.j.p.i.JtaPlatformInitiator       : HHH000489: No JTA platform available (set 'hibernate.transaction.jta.platform' to enable JTA platform integration)
2024-11-12T00:04:57.330+02:00  INFO 8364 --- [Employee Management] [main] j.LocalContainerEntityManagerFactoryBean : Initialized JPA EntityManagerFactory for persistence unit 'default'
2024-11-12T00:04:58.831+02:00  WARN 8364 --- [Employee Management] [main] JpaBaseConfiguration$JpaWebConfiguration : spring.jpa.open-in-view is enabled by default. Therefore, database queries may be performed during view rendering. Explicitly configure spring.jpa.open-in-view to disable this warning
2024-11-12T00:05:00.779+02:00  INFO 8364 --- [Employee Management] [main] o.s.b.w.embedded.tomcat.TomcatWebServer  : Tomcat started on port 8080 (http) with context path '/'
2024-11-12T00:05:00.798+02:00  INFO 8364 --- [Employee Management] [main] c.d.e.m.EmployeeManagementApplication    : Started EmployeeManagementApplication in 22.393 seconds (process running for 24.356)
2024-11-12T00:06:57.160+02:00  INFO 8364 --- [Employee Management] [http-nio-8080-exec-1] o.a.c.c.C.[Tomcat].[localhost].[/]       : Initializing Spring DispatcherServlet 'dispatcherServlet'
2024-11-12T00:06:57.162+02:00  INFO 8364 --- [Employee Management] [http-nio-8080-exec-1] o.s.web.servlet.DispatcherServlet        : Initializing Servlet 'dispatcherServlet'
2024-11-12T00:06:57.174+02:00  INFO 8364 --- [Employee Management] [http-nio-8080-exec-1] o.s.web.servlet.DispatcherServlet        : Completed initialization in 11 ms
2024-11-12T00:18:40.526+02:00  INFO 8364 --- [Employee Management] [SpringApplicationShutdownHook] j.LocalContainerEntityManagerFactoryBean : Closing JPA EntityManagerFactory for persistence unit 'default'
2024-11-12T00:18:40.535+02:00  INFO 8364 --- [Employee Management] [SpringApplicationShutdownHook] com.zaxxer.hikari.HikariDataSource       : HikariPool-1 - Shutdown initiated...
2024-11-12T00:18:40.549+02:00  INFO 8364 --- [Employee Management] [SpringApplicationShutdownHook] com.zaxxer.hikari.HikariDataSource       : HikariPool-1 - Shutdown completed.
2024-11-12T00:19:02.256+02:00  INFO 14064 --- [Employee Management] [main] c.d.e.m.EmployeeManagementApplication    : Starting EmployeeManagementApplication using Java 17.0.8 with PID 14064 (E:\Projects\Employee Management\target\classes started by Abdelrahman in E:\Projects\Employee Management)
2024-11-12T00:19:02.268+02:00  INFO 14064 --- [Employee Management] [main] c.d.e.m.EmployeeManagementApplication    : No active profile set, falling back to 1 default profile: "default"
2024-11-12T00:19:06.977+02:00  INFO 14064 --- [Employee Management] [main] .s.d.r.c.RepositoryConfigurationDelegate : Bootstrapping Spring Data JPA repositories in DEFAULT mode.
2024-11-12T00:19:07.790+02:00  INFO 14064 --- [Employee Management] [main] .s.d.r.c.RepositoryConfigurationDelegate : Finished Spring Data repository scanning in 652 ms. Found 1 JPA repository interface.
2024-11-12T00:19:12.834+02:00  INFO 14064 --- [Employee Management] [main] o.s.b.w.embedded.tomcat.TomcatWebServer  : Tomcat initialized with port 8080 (http)
2024-11-12T00:19:12.926+02:00  INFO 14064 --- [Employee Management] [main] o.apache.catalina.core.StandardService   : Starting service [Tomcat]
2024-11-12T00:19:12.927+02:00  INFO 14064 --- [Employee Management] [main] o.apache.catalina.core.StandardEngine    : Starting Servlet engine: [Apache Tomcat/10.1.31]
2024-11-12T00:19:13.212+02:00  INFO 14064 --- [Employee Management] [main] o.a.c.c.C.[Tomcat].[localhost].[/]       : Initializing Spring embedded WebApplicationContext
2024-11-12T00:19:13.213+02:00  INFO 14064 --- [Employee Management] [main] w.s.c.ServletWebServerApplicationContext : Root WebApplicationContext: initialization completed in 10720 ms
2024-11-12T00:19:13.485+02:00  INFO 14064 --- [Employee Management] [main] com.zaxxer.hikari.HikariDataSource       : HikariPool-1 - Starting...
2024-11-12T00:19:14.999+02:00  INFO 14064 --- [Employee Management] [main] com.zaxxer.hikari.pool.HikariPool        : HikariPool-1 - Added connection conn0: url=jdbc:h2:mem:testdb user=SA
2024-11-12T00:19:15.012+02:00  INFO 14064 --- [Employee Management] [main] com.zaxxer.hikari.HikariDataSource       : HikariPool-1 - Start completed.
2024-11-12T00:19:15.083+02:00  INFO 14064 --- [Employee Management] [main] o.s.b.a.h2.H2ConsoleAutoConfiguration    : H2 console available at '/h2-console'. Database available at 'jdbc:h2:mem:testdb'
2024-11-12T00:19:18.409+02:00  INFO 14064 --- [Employee Management] [main] o.hibernate.jpa.internal.util.LogHelper  : HHH000204: Processing PersistenceUnitInfo [name: default]
2024-11-12T00:19:19.385+02:00  INFO 14064 --- [Employee Management] [main] org.hibernate.Version                    : HHH000412: Hibernate ORM core version 6.5.3.Final
2024-11-12T00:19:19.781+02:00  INFO 14064 --- [Employee Management] [main] o.h.c.internal.RegionFactoryInitiator    : HHH000026: Second-level cache disabled
2024-11-12T00:19:21.121+02:00  INFO 14064 --- [Employee Management] [main] o.s.o.j.p.SpringPersistenceUnitInfo      : No LoadTimeWeaver setup: ignoring JPA class transformer
2024-11-12T00:19:25.813+02:00  INFO 14064 --- [Employee Management] [main] o.h.e.t.j.p.i.JtaPlatformInitiator       : HHH000489: No JTA platform available (set 'hibernate.transaction.jta.platform' to enable JTA platform integration)
2024-11-12T00:19:25.911+02:00  INFO 14064 --- [Employee Management] [main] j.LocalContainerEntityManagerFactoryBean : Initialized JPA EntityManagerFactory for persistence unit 'default'
2024-11-12T00:19:29.031+02:00  WARN 14064 --- [Employee Management] [main] JpaBaseConfiguration$JpaWebConfiguration : spring.jpa.open-in-view is enabled by default. Therefore, database queries may be performed during view rendering. Explicitly configure spring.jpa.open-in-view to disable this warning
2024-11-12T00:19:32.429+02:00  INFO 14064 --- [Employee Management] [main] o.s.b.w.embedded.tomcat.TomcatWebServer  : Tomcat started on port 8080 (http) with context path '/'
2024-11-12T00:19:32.498+02:00  INFO 14064 --- [Employee Management] [main] c.d.e.m.EmployeeManagementApplication    : Started EmployeeManagementApplication in 32.55 seconds (process running for 35.231)
2024-11-12T00:21:56.818+02:00  INFO 14064 --- [Employee Management] [SpringApplicationShutdownHook] j.LocalContainerEntityManagerFactoryBean : Closing JPA EntityManagerFactory for persistence unit 'default'
2024-11-12T00:21:56.827+02:00  INFO 14064 --- [Employee Management] [SpringApplicationShutdownHook] com.zaxxer.hikari.HikariDataSource       : HikariPool-1 - Shutdown initiated...
2024-11-12T00:21:56.878+02:00  INFO 14064 --- [Employee Management] [SpringApplicationShutdownHook] com.zaxxer.hikari.HikariDataSource       : HikariPool-1 - Shutdown completed.
2024-11-12T00:23:50.007+02:00  INFO 5400 --- [Employee Management] [main] c.d.e.m.EmployeeManagementApplication    : Starting EmployeeManagementApplication using Java 17.0.8 with PID 5400 (E:\Projects\Employee Management\target\classes started by Abdelrahman in E:\Projects\Employee Management)
2024-11-12T00:23:50.016+02:00  INFO 5400 --- [Employee Management] [main] c.d.e.m.EmployeeManagementApplication    : No active profile set, falling back to 1 default profile: "default"
2024-11-12T00:23:54.204+02:00  INFO 5400 --- [Employee Management] [main] .s.d.r.c.RepositoryConfigurationDelegate : Bootstrapping Spring Data JPA repositories in DEFAULT mode.
2024-11-12T00:23:54.746+02:00  INFO 5400 --- [Employee Management] [main] .s.d.r.c.RepositoryConfigurationDelegate : Finished Spring Data repository scanning in 497 ms. Found 1 JPA repository interface.
2024-11-12T00:24:01.203+02:00  INFO 5400 --- [Employee Management] [main] o.s.b.w.embedded.tomcat.TomcatWebServer  : Tomcat initialized with port 8080 (http)
2024-11-12T00:24:01.260+02:00  INFO 5400 --- [Employee Management] [main] o.apache.catalina.core.StandardService   : Starting service [Tomcat]
2024-11-12T00:24:01.262+02:00  INFO 5400 --- [Employee Management] [main] o.apache.catalina.core.StandardEngine    : Starting Servlet engine: [Apache Tomcat/10.1.31]
2024-11-12T00:24:02.406+02:00  INFO 5400 --- [Employee Management] [main] o.a.c.c.C.[Tomcat].[localhost].[/]       : Initializing Spring embedded WebApplicationContext
2024-11-12T00:24:02.413+02:00  INFO 5400 --- [Employee Management] [main] w.s.c.ServletWebServerApplicationContext : Root WebApplicationContext: initialization completed in 11952 ms
2024-11-12T00:24:03.061+02:00  INFO 5400 --- [Employee Management] [main] com.zaxxer.hikari.HikariDataSource       : HikariPool-1 - Starting...
2024-11-12T00:24:05.108+02:00  INFO 5400 --- [Employee Management] [main] com.zaxxer.hikari.pool.HikariPool        : HikariPool-1 - Added connection conn0: url=jdbc:h2:mem:testdb user=SA
2024-11-12T00:24:05.120+02:00  INFO 5400 --- [Employee Management] [main] com.zaxxer.hikari.HikariDataSource       : HikariPool-1 - Start completed.
2024-11-12T00:24:05.245+02:00  INFO 5400 --- [Employee Management] [main] o.s.b.a.h2.H2ConsoleAutoConfiguration    : H2 console available at '/h2-console'. Database available at 'jdbc:h2:mem:testdb'
2024-11-12T00:24:08.102+02:00  INFO 5400 --- [Employee Management] [main] o.hibernate.jpa.internal.util.LogHelper  : HHH000204: Processing PersistenceUnitInfo [name: default]
2024-11-12T00:24:09.137+02:00  INFO 5400 --- [Employee Management] [main] org.hibernate.Version                    : HHH000412: Hibernate ORM core version 6.5.3.Final
2024-11-12T00:24:09.286+02:00  INFO 5400 --- [Employee Management] [main] o.h.c.internal.RegionFactoryInitiator    : HHH000026: Second-level cache disabled
2024-11-12T00:24:11.372+02:00  INFO 5400 --- [Employee Management] [main] o.s.o.j.p.SpringPersistenceUnitInfo      : No LoadTimeWeaver setup: ignoring JPA class transformer
2024-11-12T00:24:15.208+02:00  INFO 5400 --- [Employee Management] [main] o.h.e.t.j.p.i.JtaPlatformInitiator       : HHH000489: No JTA platform available (set 'hibernate.transaction.jta.platform' to enable JTA platform integration)
2024-11-12T00:24:15.356+02:00  INFO 5400 --- [Employee Management] [main] j.LocalContainerEntityManagerFactoryBean : Initialized JPA EntityManagerFactory for persistence unit 'default'
2024-11-12T00:24:19.866+02:00  WARN 5400 --- [Employee Management] [main] JpaBaseConfiguration$JpaWebConfiguration : spring.jpa.open-in-view is enabled by default. Therefore, database queries may be performed during view rendering. Explicitly configure spring.jpa.open-in-view to disable this warning
2024-11-12T00:24:29.785+02:00  INFO 5400 --- [Employee Management] [main] o.s.b.w.embedded.tomcat.TomcatWebServer  : Tomcat started on port 8080 (http) with context path '/'
2024-11-12T00:24:29.953+02:00  INFO 5400 --- [Employee Management] [main] c.d.e.m.EmployeeManagementApplication    : Started EmployeeManagementApplication in 41.967 seconds (process running for 43.666)
2024-11-12T00:24:55.215+02:00  INFO 5400 --- [Employee Management] [http-nio-8080-exec-2] o.a.c.c.C.[Tomcat].[localhost].[/]       : Initializing Spring DispatcherServlet 'dispatcherServlet'
2024-11-12T00:24:55.217+02:00  INFO 5400 --- [Employee Management] [http-nio-8080-exec-2] o.s.web.servlet.DispatcherServlet        : Initializing Servlet 'dispatcherServlet'
2024-11-12T00:24:55.224+02:00  INFO 5400 --- [Employee Management] [http-nio-8080-exec-2] o.s.web.servlet.DispatcherServlet        : Completed initialization in 6 ms
2024-11-12T00:27:58.080+02:00  WARN 5400 --- [Employee Management] [HikariPool-1 housekeeper] com.zaxxer.hikari.pool.HikariPool        : HikariPool-1 - Thread starvation or clock leap detected (housekeeper delta=1m52s809ms631µs700ns).
2024-11-12T00:46:58.554+02:00  INFO 7888 --- [Employee Management] [main] c.d.e.m.EmployeeManagementApplication    : Starting EmployeeManagementApplication using Java 17.0.8 with PID 7888 (E:\Projects\Employee Management\target\classes started by Abdelrahman in E:\Projects\Employee Management)
2024-11-12T00:46:58.560+02:00  INFO 7888 --- [Employee Management] [main] c.d.e.m.EmployeeManagementApplication    : No active profile set, falling back to 1 default profile: "default"
2024-11-12T00:47:02.214+02:00  INFO 7888 --- [Employee Management] [main] .s.d.r.c.RepositoryConfigurationDelegate : Bootstrapping Spring Data JPA repositories in DEFAULT mode.
2024-11-12T00:47:02.524+02:00  INFO 7888 --- [Employee Management] [main] .s.d.r.c.RepositoryConfigurationDelegate : Finished Spring Data repository scanning in 259 ms. Found 1 JPA repository interface.
2024-11-12T00:47:06.208+02:00  INFO 7888 --- [Employee Management] [main] o.s.b.w.embedded.tomcat.TomcatWebServer  : Tomcat initialized with port 8080 (http)
2024-11-12T00:47:06.250+02:00  INFO 7888 --- [Employee Management] [main] o.apache.catalina.core.StandardService   : Starting service [Tomcat]
2024-11-12T00:47:06.251+02:00  INFO 7888 --- [Employee Management] [main] o.apache.catalina.core.StandardEngine    : Starting Servlet engine: [Apache Tomcat/10.1.31]
2024-11-12T00:47:06.631+02:00  INFO 7888 --- [Employee Management] [main] o.a.c.c.C.[Tomcat].[localhost].[/]       : Initializing Spring embedded WebApplicationContext
2024-11-12T00:47:06.633+02:00  INFO 7888 --- [Employee Management] [main] w.s.c.ServletWebServerApplicationContext : Root WebApplicationContext: initialization completed in 7796 ms
2024-11-12T00:47:06.788+02:00  INFO 7888 --- [Employee Management] [main] com.zaxxer.hikari.HikariDataSource       : HikariPool-1 - Starting...
2024-11-12T00:47:07.915+02:00  INFO 7888 --- [Employee Management] [main] com.zaxxer.hikari.pool.HikariPool        : HikariPool-1 - Added connection conn0: url=jdbc:h2:mem:testdb user=SA
2024-11-12T00:47:07.922+02:00  INFO 7888 --- [Employee Management] [main] com.zaxxer.hikari.HikariDataSource       : HikariPool-1 - Start completed.
2024-11-12T00:47:08.016+02:00  INFO 7888 --- [Employee Management] [main] o.s.b.a.h2.H2ConsoleAutoConfiguration    : H2 console available at '/h2-console'. Database available at 'jdbc:h2:mem:testdb'
2024-11-12T00:47:09.116+02:00  INFO 7888 --- [Employee Management] [main] o.hibernate.jpa.internal.util.LogHelper  : HHH000204: Processing PersistenceUnitInfo [name: default]
2024-11-12T00:47:09.540+02:00  INFO 7888 --- [Employee Management] [main] org.hibernate.Version                    : HHH000412: Hibernate ORM core version 6.5.3.Final
2024-11-12T00:47:09.660+02:00  INFO 7888 --- [Employee Management] [main] o.h.c.internal.RegionFactoryInitiator    : HHH000026: Second-level cache disabled
2024-11-12T00:47:10.704+02:00  INFO 7888 --- [Employee Management] [main] o.s.o.j.p.SpringPersistenceUnitInfo      : No LoadTimeWeaver setup: ignoring JPA class transformer
2024-11-12T00:47:14.283+02:00  INFO 7888 --- [Employee Management] [main] o.h.e.t.j.p.i.JtaPlatformInitiator       : HHH000489: No JTA platform available (set 'hibernate.transaction.jta.platform' to enable JTA platform integration)
2024-11-12T00:47:14.429+02:00  INFO 7888 --- [Employee Management] [main] j.LocalContainerEntityManagerFactoryBean : Initialized JPA EntityManagerFactory for persistence unit 'default'
2024-11-12T00:47:17.301+02:00  WARN 7888 --- [Employee Management] [main] ConfigServletWebServerApplicationContext : Exception encountered during context initialization - cancelling refresh attempt: org.springframework.beans.factory.UnsatisfiedDependencyException: Error creating bean with name 'employeeController': Unsatisfied dependency expressed through field 'employeeService': Error creating bean with name 'employeeService': Unsatisfied dependency expressed through field 'departmentValidationService': Error creating bean with name 'departmentValidationService': Injection of autowired dependencies failed
2024-11-12T00:47:17.302+02:00  INFO 7888 --- [Employee Management] [main] j.LocalContainerEntityManagerFactoryBean : Closing JPA EntityManagerFactory for persistence unit 'default'
2024-11-12T00:47:17.403+02:00  INFO 7888 --- [Employee Management] [main] com.zaxxer.hikari.HikariDataSource       : HikariPool-1 - Shutdown initiated...
2024-11-12T00:47:17.900+02:00  INFO 7888 --- [Employee Management] [main] com.zaxxer.hikari.HikariDataSource       : HikariPool-1 - Shutdown completed.
2024-11-12T00:47:17.908+02:00  INFO 7888 --- [Employee Management] [main] o.apache.catalina.core.StandardService   : Stopping service [Tomcat]
2024-11-12T00:47:18.078+02:00  INFO 7888 --- [Employee Management] [main] .s.b.a.l.ConditionEvaluationReportLogger : 

Error starting ApplicationContext. To display the condition evaluation report re-run your application with 'debug' enabled.
2024-11-12T00:47:18.318+02:00 ERROR 7888 --- [Employee Management] [main] o.s.boot.SpringApplication               : Application run failed

org.springframework.beans.factory.UnsatisfiedDependencyException: Error creating bean with name 'employeeController': Unsatisfied dependency expressed through field 'employeeService': Error creating bean with name 'employeeService': Unsatisfied dependency expressed through field 'departmentValidationService': Error creating bean with name 'departmentValidationService': Injection of autowired dependencies failed
	at org.springframework.beans.factory.annotation.AutowiredAnnotationBeanPostProcessor$AutowiredFieldElement.resolveFieldValue(AutowiredAnnotationBeanPostProcessor.java:788) ~[spring-beans-6.1.14.jar:6.1.14]
	at org.springframework.beans.factory.annotation.AutowiredAnnotationBeanPostProcessor$AutowiredFieldElement.inject(AutowiredAnnotationBeanPostProcessor.java:768) ~[spring-beans-6.1.14.jar:6.1.14]
	at org.springframework.beans.factory.annotation.InjectionMetadata.inject(InjectionMetadata.java:145) ~[spring-beans-6.1.14.jar:6.1.14]
	at org.springframework.beans.factory.annotation.AutowiredAnnotationBeanPostProcessor.postProcessProperties(AutowiredAnnotationBeanPostProcessor.java:509) ~[spring-beans-6.1.14.jar:6.1.14]
	at org.springframework.beans.factory.support.AbstractAutowireCapableBeanFactory.populateBean(AbstractAutowireCapableBeanFactory.java:1439) ~[spring-beans-6.1.14.jar:6.1.14]
	at org.springframework.beans.factory.support.AbstractAutowireCapableBeanFactory.doCreateBean(AbstractAutowireCapableBeanFactory.java:599) ~[spring-beans-6.1.14.jar:6.1.14]
	at org.springframework.beans.factory.support.AbstractAutowireCapableBeanFactory.createBean(AbstractAutowireCapableBeanFactory.java:522) ~[spring-beans-6.1.14.jar:6.1.14]
	at org.springframework.beans.factory.support.AbstractBeanFactory.lambda$doGetBean$0(AbstractBeanFactory.java:337) ~[spring-beans-6.1.14.jar:6.1.14]
	at org.springframework.beans.factory.support.DefaultSingletonBeanRegistry.getSingleton(DefaultSingletonBeanRegistry.java:234) ~[spring-beans-6.1.14.jar:6.1.14]
	at org.springframework.beans.factory.support.AbstractBeanFactory.doGetBean(AbstractBeanFactory.java:335) ~[spring-beans-6.1.14.jar:6.1.14]
	at org.springframework.beans.factory.support.AbstractBeanFactory.getBean(AbstractBeanFactory.java:200) ~[spring-beans-6.1.14.jar:6.1.14]
	at org.springframework.beans.factory.support.DefaultListableBeanFactory.preInstantiateSingletons(DefaultListableBeanFactory.java:975) ~[spring-beans-6.1.14.jar:6.1.14]
	at org.springframework.context.support.AbstractApplicationContext.finishBeanFactoryInitialization(AbstractApplicationContext.java:971) ~[spring-context-6.1.14.jar:6.1.14]
	at org.springframework.context.support.AbstractApplicationContext.refresh(AbstractApplicationContext.java:625) ~[spring-context-6.1.14.jar:6.1.14]
	at org.springframework.boot.web.servlet.context.ServletWebServerApplicationContext.refresh(ServletWebServerApplicationContext.java:146) ~[spring-boot-3.3.5.jar:3.3.5]
	at org.springframework.boot.SpringApplication.refresh(SpringApplication.java:754) ~[spring-boot-3.3.5.jar:3.3.5]
	at org.springframework.boot.SpringApplication.refreshContext(SpringApplication.java:456) ~[spring-boot-3.3.5.jar:3.3.5]
	at org.springframework.boot.SpringApplication.run(SpringApplication.java:335) ~[spring-boot-3.3.5.jar:3.3.5]
	at org.springframework.boot.SpringApplication.run(SpringApplication.java:1363) ~[spring-boot-3.3.5.jar:3.3.5]
	at org.springframework.boot.SpringApplication.run(SpringApplication.java:1352) ~[spring-boot-3.3.5.jar:3.3.5]
	at com.digivision.employee.management.EmployeeManagementApplication.main(EmployeeManagementApplication.java:12) ~[classes/:na]
Caused by: org.springframework.beans.factory.UnsatisfiedDependencyException: Error creating bean with name 'employeeService': Unsatisfied dependency expressed through field 'departmentValidationService': Error creating bean with name 'departmentValidationService': Injection of autowired dependencies failed
	at org.springframework.beans.factory.annotation.AutowiredAnnotationBeanPostProcessor$AutowiredFieldElement.resolveFieldValue(AutowiredAnnotationBeanPostProcessor.java:788) ~[spring-beans-6.1.14.jar:6.1.14]
	at org.springframework.beans.factory.annotation.AutowiredAnnotationBeanPostProcessor$AutowiredFieldElement.inject(AutowiredAnnotationBeanPostProcessor.java:768) ~[spring-beans-6.1.14.jar:6.1.14]
	at org.springframework.beans.factory.annotation.InjectionMetadata.inject(InjectionMetadata.java:145) ~[spring-beans-6.1.14.jar:6.1.14]
	at org.springframework.beans.factory.annotation.AutowiredAnnotationBeanPostProcessor.postProcessProperties(AutowiredAnnotationBeanPostProcessor.java:509) ~[spring-beans-6.1.14.jar:6.1.14]
	at org.springframework.beans.factory.support.AbstractAutowireCapableBeanFactory.populateBean(AbstractAutowireCapableBeanFactory.java:1439) ~[spring-beans-6.1.14.jar:6.1.14]
	at org.springframework.beans.factory.support.AbstractAutowireCapableBeanFactory.doCreateBean(AbstractAutowireCapableBeanFactory.java:599) ~[spring-beans-6.1.14.jar:6.1.14]
	at org.springframework.beans.factory.support.AbstractAutowireCapableBeanFactory.createBean(AbstractAutowireCapableBeanFactory.java:522) ~[spring-beans-6.1.14.jar:6.1.14]
	at org.springframework.beans.factory.support.AbstractBeanFactory.lambda$doGetBean$0(AbstractBeanFactory.java:337) ~[spring-beans-6.1.14.jar:6.1.14]
	at org.springframework.beans.factory.support.DefaultSingletonBeanRegistry.getSingleton(DefaultSingletonBeanRegistry.java:234) ~[spring-beans-6.1.14.jar:6.1.14]
	at org.springframework.beans.factory.support.AbstractBeanFactory.doGetBean(AbstractBeanFactory.java:335) ~[spring-beans-6.1.14.jar:6.1.14]
	at org.springframework.beans.factory.support.AbstractBeanFactory.getBean(AbstractBeanFactory.java:200) ~[spring-beans-6.1.14.jar:6.1.14]
	at org.springframework.beans.factory.config.DependencyDescriptor.resolveCandidate(DependencyDescriptor.java:254) ~[spring-beans-6.1.14.jar:6.1.14]
	at org.springframework.beans.factory.support.DefaultListableBeanFactory.doResolveDependency(DefaultListableBeanFactory.java:1443) ~[spring-beans-6.1.14.jar:6.1.14]
	at org.springframework.beans.factory.support.DefaultListableBeanFactory.resolveDependency(DefaultListableBeanFactory.java:1353) ~[spring-beans-6.1.14.jar:6.1.14]
	at org.springframework.beans.factory.annotation.AutowiredAnnotationBeanPostProcessor$AutowiredFieldElement.resolveFieldValue(AutowiredAnnotationBeanPostProcessor.java:785) ~[spring-beans-6.1.14.jar:6.1.14]
	... 20 common frames omitted
Caused by: org.springframework.beans.factory.BeanCreationException: Error creating bean with name 'departmentValidationService': Injection of autowired dependencies failed
	at org.springframework.beans.factory.annotation.AutowiredAnnotationBeanPostProcessor.postProcessProperties(AutowiredAnnotationBeanPostProcessor.java:515) ~[spring-beans-6.1.14.jar:6.1.14]
	at org.springframework.beans.factory.support.AbstractAutowireCapableBeanFactory.populateBean(AbstractAutowireCapableBeanFactory.java:1439) ~[spring-beans-6.1.14.jar:6.1.14]
	at org.springframework.beans.factory.support.AbstractAutowireCapableBeanFactory.doCreateBean(AbstractAutowireCapableBeanFactory.java:599) ~[spring-beans-6.1.14.jar:6.1.14]
	at org.springframework.beans.factory.support.AbstractAutowireCapableBeanFactory.createBean(AbstractAutowireCapableBeanFactory.java:522) ~[spring-beans-6.1.14.jar:6.1.14]
	at org.springframework.beans.factory.support.AbstractBeanFactory.lambda$doGetBean$0(AbstractBeanFactory.java:337) ~[spring-beans-6.1.14.jar:6.1.14]
	at org.springframework.beans.factory.support.DefaultSingletonBeanRegistry.getSingleton(DefaultSingletonBeanRegistry.java:234) ~[spring-beans-6.1.14.jar:6.1.14]
	at org.springframework.beans.factory.support.AbstractBeanFactory.doGetBean(AbstractBeanFactory.java:335) ~[spring-beans-6.1.14.jar:6.1.14]
	at org.springframework.beans.factory.support.AbstractBeanFactory.getBean(AbstractBeanFactory.java:200) ~[spring-beans-6.1.14.jar:6.1.14]
	at org.springframework.beans.factory.config.DependencyDescriptor.resolveCandidate(DependencyDescriptor.java:254) ~[spring-beans-6.1.14.jar:6.1.14]
	at org.springframework.beans.factory.support.DefaultListableBeanFactory.doResolveDependency(DefaultListableBeanFactory.java:1443) ~[spring-beans-6.1.14.jar:6.1.14]
	at org.springframework.beans.factory.support.DefaultListableBeanFactory.resolveDependency(DefaultListableBeanFactory.java:1353) ~[spring-beans-6.1.14.jar:6.1.14]
	at org.springframework.beans.factory.annotation.AutowiredAnnotationBeanPostProcessor$AutowiredFieldElement.resolveFieldValue(AutowiredAnnotationBeanPostProcessor.java:785) ~[spring-beans-6.1.14.jar:6.1.14]
	... 34 common frames omitted
Caused by: java.lang.IllegalArgumentException: Could not resolve placeholder 'department.verification.api.url' in value "${department.verification.api.url}"
	at org.springframework.util.PropertyPlaceholderHelper.parseStringValue(PropertyPlaceholderHelper.java:180) ~[spring-core-6.1.14.jar:6.1.14]
	at org.springframework.util.PropertyPlaceholderHelper.replacePlaceholders(PropertyPlaceholderHelper.java:126) ~[spring-core-6.1.14.jar:6.1.14]
	at org.springframework.core.env.AbstractPropertyResolver.doResolvePlaceholders(AbstractPropertyResolver.java:239) ~[spring-core-6.1.14.jar:6.1.14]
	at org.springframework.core.env.AbstractPropertyResolver.resolveRequiredPlaceholders(AbstractPropertyResolver.java:210) ~[spring-core-6.1.14.jar:6.1.14]
	at org.springframework.context.support.PropertySourcesPlaceholderConfigurer.lambda$processProperties$0(PropertySourcesPlaceholderConfigurer.java:200) ~[spring-context-6.1.14.jar:6.1.14]
	at org.springframework.beans.factory.support.AbstractBeanFactory.resolveEmbeddedValue(AbstractBeanFactory.java:964) ~[spring-beans-6.1.14.jar:6.1.14]
	at org.springframework.beans.factory.support.DefaultListableBeanFactory.doResolveDependency(DefaultListableBeanFactory.java:1374) ~[spring-beans-6.1.14.jar:6.1.14]
	at org.springframework.beans.factory.support.DefaultListableBeanFactory.resolveDependency(DefaultListableBeanFactory.java:1353) ~[spring-beans-6.1.14.jar:6.1.14]
	at org.springframework.beans.factory.annotation.AutowiredAnnotationBeanPostProcessor$AutowiredFieldElement.resolveFieldValue(AutowiredAnnotationBeanPostProcessor.java:785) ~[spring-beans-6.1.14.jar:6.1.14]
	at org.springframework.beans.factory.annotation.AutowiredAnnotationBeanPostProcessor$AutowiredFieldElement.inject(AutowiredAnnotationBeanPostProcessor.java:768) ~[spring-beans-6.1.14.jar:6.1.14]
	at org.springframework.beans.factory.annotation.InjectionMetadata.inject(InjectionMetadata.java:145) ~[spring-beans-6.1.14.jar:6.1.14]
	at org.springframework.beans.factory.annotation.AutowiredAnnotationBeanPostProcessor.postProcessProperties(AutowiredAnnotationBeanPostProcessor.java:509) ~[spring-beans-6.1.14.jar:6.1.14]
	... 45 common frames omitted

2024-11-12T00:47:29.055+02:00  INFO 10252 --- [Employee Management] [main] c.d.e.m.EmployeeManagementApplication    : Starting EmployeeManagementApplication using Java 17.0.8 with PID 10252 (E:\Projects\Employee Management\target\classes started by Abdelrahman in E:\Projects\Employee Management)
2024-11-12T00:47:29.061+02:00  INFO 10252 --- [Employee Management] [main] c.d.e.m.EmployeeManagementApplication    : No active profile set, falling back to 1 default profile: "default"
2024-11-12T00:47:32.712+02:00  INFO 10252 --- [Employee Management] [main] .s.d.r.c.RepositoryConfigurationDelegate : Bootstrapping Spring Data JPA repositories in DEFAULT mode.
2024-11-12T00:47:32.933+02:00  INFO 10252 --- [Employee Management] [main] .s.d.r.c.RepositoryConfigurationDelegate : Finished Spring Data repository scanning in 195 ms. Found 1 JPA repository interface.
2024-11-12T00:47:36.970+02:00  INFO 10252 --- [Employee Management] [main] o.s.b.w.embedded.tomcat.TomcatWebServer  : Tomcat initialized with port 8080 (http)
2024-11-12T00:47:37.003+02:00  INFO 10252 --- [Employee Management] [main] o.apache.catalina.core.StandardService   : Starting service [Tomcat]
2024-11-12T00:47:37.004+02:00  INFO 10252 --- [Employee Management] [main] o.apache.catalina.core.StandardEngine    : Starting Servlet engine: [Apache Tomcat/10.1.31]
2024-11-12T00:47:37.409+02:00  INFO 10252 --- [Employee Management] [main] o.a.c.c.C.[Tomcat].[localhost].[/]       : Initializing Spring embedded WebApplicationContext
2024-11-12T00:47:37.410+02:00  INFO 10252 --- [Employee Management] [main] w.s.c.ServletWebServerApplicationContext : Root WebApplicationContext: initialization completed in 8126 ms
2024-11-12T00:47:37.833+02:00  INFO 10252 --- [Employee Management] [main] com.zaxxer.hikari.HikariDataSource       : HikariPool-1 - Starting...
2024-11-12T00:47:38.787+02:00  INFO 10252 --- [Employee Management] [main] com.zaxxer.hikari.pool.HikariPool        : HikariPool-1 - Added connection conn0: url=jdbc:h2:mem:testdb user=SA
2024-11-12T00:47:38.796+02:00  INFO 10252 --- [Employee Management] [main] com.zaxxer.hikari.HikariDataSource       : HikariPool-1 - Start completed.
2024-11-12T00:47:38.884+02:00  INFO 10252 --- [Employee Management] [main] o.s.b.a.h2.H2ConsoleAutoConfiguration    : H2 console available at '/h2-console'. Database available at 'jdbc:h2:mem:testdb'
2024-11-12T00:47:40.116+02:00  INFO 10252 --- [Employee Management] [main] o.hibernate.jpa.internal.util.LogHelper  : HHH000204: Processing PersistenceUnitInfo [name: default]
2024-11-12T00:47:40.448+02:00  INFO 10252 --- [Employee Management] [main] org.hibernate.Version                    : HHH000412: Hibernate ORM core version 6.5.3.Final
2024-11-12T00:47:40.664+02:00  INFO 10252 --- [Employee Management] [main] o.h.c.internal.RegionFactoryInitiator    : HHH000026: Second-level cache disabled
2024-11-12T00:47:42.379+02:00  INFO 10252 --- [Employee Management] [main] o.s.o.j.p.SpringPersistenceUnitInfo      : No LoadTimeWeaver setup: ignoring JPA class transformer
2024-11-12T00:47:45.621+02:00  INFO 10252 --- [Employee Management] [main] o.h.e.t.j.p.i.JtaPlatformInitiator       : HHH000489: No JTA platform available (set 'hibernate.transaction.jta.platform' to enable JTA platform integration)
2024-11-12T00:47:45.738+02:00  INFO 10252 --- [Employee Management] [main] j.LocalContainerEntityManagerFactoryBean : Initialized JPA EntityManagerFactory for persistence unit 'default'
2024-11-12T00:47:50.679+02:00  WARN 10252 --- [Employee Management] [main] JpaBaseConfiguration$JpaWebConfiguration : spring.jpa.open-in-view is enabled by default. Therefore, database queries may be performed during view rendering. Explicitly configure spring.jpa.open-in-view to disable this warning
2024-11-12T00:47:54.895+02:00  INFO 10252 --- [Employee Management] [main] o.s.b.w.embedded.tomcat.TomcatWebServer  : Tomcat started on port 8080 (http) with context path '/'
2024-11-12T00:47:54.921+02:00  INFO 10252 --- [Employee Management] [main] c.d.e.m.EmployeeManagementApplication    : Started EmployeeManagementApplication in 27.654 seconds (process running for 29.267)
2024-11-12T00:47:55.595+02:00  INFO 10252 --- [Employee Management] [http-nio-8080-exec-1] o.a.c.c.C.[Tomcat].[localhost].[/]       : Initializing Spring DispatcherServlet 'dispatcherServlet'
2024-11-12T00:47:55.596+02:00  INFO 10252 --- [Employee Management] [http-nio-8080-exec-1] o.s.web.servlet.DispatcherServlet        : Initializing Servlet 'dispatcherServlet'
2024-11-12T00:47:55.599+02:00  INFO 10252 --- [Employee Management] [http-nio-8080-exec-1] o.s.web.servlet.DispatcherServlet        : Completed initialization in 3 ms
2024-11-12T00:49:04.081+02:00  WARN 10252 --- [Employee Management] [HikariPool-1 housekeeper] com.zaxxer.hikari.pool.HikariPool        : HikariPool-1 - Thread starvation or clock leap detected (housekeeper delta=55s65ms926µs900ns).
2024-11-12T00:49:52.734+02:00  WARN 10252 --- [Employee Management] [HikariPool-1 housekeeper] com.zaxxer.hikari.pool.HikariPool        : HikariPool-1 - Thread starvation or clock leap detected (housekeeper delta=48s653ms74µs600ns).
2024-11-12T00:51:19.881+02:00  INFO 10696 --- [Employee Management] [main] c.d.e.m.EmployeeManagementApplication    : Starting EmployeeManagementApplication using Java 17.0.8 with PID 10696 (E:\Projects\Employee Management\target\classes started by Abdelrahman in E:\Projects\Employee Management)
2024-11-12T00:51:19.893+02:00  INFO 10696 --- [Employee Management] [main] c.d.e.m.EmployeeManagementApplication    : No active profile set, falling back to 1 default profile: "default"
2024-11-12T00:51:24.305+02:00  INFO 10696 --- [Employee Management] [main] .s.d.r.c.RepositoryConfigurationDelegate : Bootstrapping Spring Data JPA repositories in DEFAULT mode.
2024-11-12T00:51:24.520+02:00  INFO 10696 --- [Employee Management] [main] .s.d.r.c.RepositoryConfigurationDelegate : Finished Spring Data repository scanning in 184 ms. Found 1 JPA repository interface.
2024-11-12T00:51:27.651+02:00  INFO 10696 --- [Employee Management] [main] o.s.b.w.embedded.tomcat.TomcatWebServer  : Tomcat initialized with port 8080 (http)
2024-11-12T00:51:27.689+02:00  INFO 10696 --- [Employee Management] [main] o.apache.catalina.core.StandardService   : Starting service [Tomcat]
2024-11-12T00:51:27.690+02:00  INFO 10696 --- [Employee Management] [main] o.apache.catalina.core.StandardEngine    : Starting Servlet engine: [Apache Tomcat/10.1.31]
2024-11-12T00:51:27.983+02:00  INFO 10696 --- [Employee Management] [main] o.a.c.c.C.[Tomcat].[localhost].[/]       : Initializing Spring embedded WebApplicationContext
2024-11-12T00:51:27.984+02:00  INFO 10696 --- [Employee Management] [main] w.s.c.ServletWebServerApplicationContext : Root WebApplicationContext: initialization completed in 7564 ms
2024-11-12T00:51:28.255+02:00  INFO 10696 --- [Employee Management] [main] com.zaxxer.hikari.HikariDataSource       : HikariPool-1 - Starting...
2024-11-12T00:51:29.222+02:00  INFO 10696 --- [Employee Management] [main] com.zaxxer.hikari.pool.HikariPool        : HikariPool-1 - Added connection conn0: url=jdbc:h2:mem:testdb user=SA
2024-11-12T00:51:29.226+02:00  INFO 10696 --- [Employee Management] [main] com.zaxxer.hikari.HikariDataSource       : HikariPool-1 - Start completed.
2024-11-12T00:51:29.314+02:00  INFO 10696 --- [Employee Management] [main] o.s.b.a.h2.H2ConsoleAutoConfiguration    : H2 console available at '/h2-console'. Database available at 'jdbc:h2:mem:testdb'
2024-11-12T00:51:30.176+02:00  INFO 10696 --- [Employee Management] [main] o.hibernate.jpa.internal.util.LogHelper  : HHH000204: Processing PersistenceUnitInfo [name: default]
2024-11-12T00:51:30.632+02:00  INFO 10696 --- [Employee Management] [main] org.hibernate.Version                    : HHH000412: Hibernate ORM core version 6.5.3.Final
2024-11-12T00:51:30.768+02:00  INFO 10696 --- [Employee Management] [main] o.h.c.internal.RegionFactoryInitiator    : HHH000026: Second-level cache disabled
2024-11-12T00:51:33.043+02:00  INFO 10696 --- [Employee Management] [main] o.s.o.j.p.SpringPersistenceUnitInfo      : No LoadTimeWeaver setup: ignoring JPA class transformer
2024-11-12T00:51:36.677+02:00  INFO 10696 --- [Employee Management] [main] o.h.e.t.j.p.i.JtaPlatformInitiator       : HHH000489: No JTA platform available (set 'hibernate.transaction.jta.platform' to enable JTA platform integration)
2024-11-12T00:51:36.802+02:00  INFO 10696 --- [Employee Management] [main] j.LocalContainerEntityManagerFactoryBean : Initialized JPA EntityManagerFactory for persistence unit 'default'
2024-11-12T00:51:39.777+02:00  WARN 10696 --- [Employee Management] [main] JpaBaseConfiguration$JpaWebConfiguration : spring.jpa.open-in-view is enabled by default. Therefore, database queries may be performed during view rendering. Explicitly configure spring.jpa.open-in-view to disable this warning
2024-11-12T00:51:43.165+02:00  INFO 10696 --- [Employee Management] [main] o.s.b.w.embedded.tomcat.TomcatWebServer  : Tomcat started on port 8080 (http) with context path '/'
2024-11-12T00:51:43.188+02:00  INFO 10696 --- [Employee Management] [main] c.d.e.m.EmployeeManagementApplication    : Started EmployeeManagementApplication in 25.434 seconds (process running for 27.036)
2024-11-12T00:51:43.219+02:00  INFO 10696 --- [Employee Management] [SpringApplicationShutdownHook] j.LocalContainerEntityManagerFactoryBean : Closing JPA EntityManagerFactory for persistence unit 'default'
2024-11-12T00:51:43.226+02:00  INFO 10696 --- [Employee Management] [SpringApplicationShutdownHook] com.zaxxer.hikari.HikariDataSource       : HikariPool-1 - Shutdown initiated...
2024-11-12T00:51:43.281+02:00  INFO 10696 --- [Employee Management] [SpringApplicationShutdownHook] com.zaxxer.hikari.HikariDataSource       : HikariPool-1 - Shutdown completed.
2024-11-12T00:51:54.067+02:00  INFO 420 --- [Employee Management] [main] c.d.e.m.EmployeeManagementApplication    : Starting EmployeeManagementApplication using Java 17.0.8 with PID 420 (E:\Projects\Employee Management\target\classes started by Abdelrahman in E:\Projects\Employee Management)
2024-11-12T00:51:54.074+02:00  INFO 420 --- [Employee Management] [main] c.d.e.m.EmployeeManagementApplication    : No active profile set, falling back to 1 default profile: "default"
2024-11-12T00:51:57.193+02:00  INFO 420 --- [Employee Management] [main] .s.d.r.c.RepositoryConfigurationDelegate : Bootstrapping Spring Data JPA repositories in DEFAULT mode.
2024-11-12T00:51:57.455+02:00  INFO 420 --- [Employee Management] [main] .s.d.r.c.RepositoryConfigurationDelegate : Finished Spring Data repository scanning in 222 ms. Found 1 JPA repository interface.
2024-11-12T00:52:00.421+02:00  INFO 420 --- [Employee Management] [main] o.s.b.w.embedded.tomcat.TomcatWebServer  : Tomcat initialized with port 8080 (http)
2024-11-12T00:52:00.463+02:00  INFO 420 --- [Employee Management] [main] o.apache.catalina.core.StandardService   : Starting service [Tomcat]
2024-11-12T00:52:00.464+02:00  INFO 420 --- [Employee Management] [main] o.apache.catalina.core.StandardEngine    : Starting Servlet engine: [Apache Tomcat/10.1.31]
2024-11-12T00:52:00.659+02:00  INFO 420 --- [Employee Management] [main] o.a.c.c.C.[Tomcat].[localhost].[/]       : Initializing Spring embedded WebApplicationContext
2024-11-12T00:52:00.661+02:00  INFO 420 --- [Employee Management] [main] w.s.c.ServletWebServerApplicationContext : Root WebApplicationContext: initialization completed in 6412 ms
2024-11-12T00:52:00.788+02:00  INFO 420 --- [Employee Management] [main] com.zaxxer.hikari.HikariDataSource       : HikariPool-1 - Starting...
2024-11-12T00:52:01.940+02:00  INFO 420 --- [Employee Management] [main] com.zaxxer.hikari.pool.HikariPool        : HikariPool-1 - Added connection conn0: url=jdbc:h2:mem:testdb user=SA
2024-11-12T00:52:01.947+02:00  INFO 420 --- [Employee Management] [main] com.zaxxer.hikari.HikariDataSource       : HikariPool-1 - Start completed.
2024-11-12T00:52:02.025+02:00  INFO 420 --- [Employee Management] [main] o.s.b.a.h2.H2ConsoleAutoConfiguration    : H2 console available at '/h2-console'. Database available at 'jdbc:h2:mem:testdb'
2024-11-12T00:52:02.682+02:00  INFO 420 --- [Employee Management] [main] o.hibernate.jpa.internal.util.LogHelper  : HHH000204: Processing PersistenceUnitInfo [name: default]
2024-11-12T00:52:03.058+02:00  INFO 420 --- [Employee Management] [main] org.hibernate.Version                    : HHH000412: Hibernate ORM core version 6.5.3.Final
2024-11-12T00:52:03.199+02:00  INFO 420 --- [Employee Management] [main] o.h.c.internal.RegionFactoryInitiator    : HHH000026: Second-level cache disabled
2024-11-12T00:52:04.355+02:00  INFO 420 --- [Employee Management] [main] o.s.o.j.p.SpringPersistenceUnitInfo      : No LoadTimeWeaver setup: ignoring JPA class transformer
2024-11-12T00:52:07.232+02:00  INFO 420 --- [Employee Management] [main] o.h.e.t.j.p.i.JtaPlatformInitiator       : HHH000489: No JTA platform available (set 'hibernate.transaction.jta.platform' to enable JTA platform integration)
2024-11-12T00:52:07.343+02:00  INFO 420 --- [Employee Management] [main] j.LocalContainerEntityManagerFactoryBean : Initialized JPA EntityManagerFactory for persistence unit 'default'
2024-11-12T00:52:09.529+02:00  WARN 420 --- [Employee Management] [main] JpaBaseConfiguration$JpaWebConfiguration : spring.jpa.open-in-view is enabled by default. Therefore, database queries may be performed during view rendering. Explicitly configure spring.jpa.open-in-view to disable this warning
2024-11-12T00:52:16.289+02:00  INFO 420 --- [Employee Management] [main] o.s.b.w.embedded.tomcat.TomcatWebServer  : Tomcat started on port 8080 (http) with context path '/'
2024-11-12T00:52:16.446+02:00  INFO 420 --- [Employee Management] [main] c.d.e.m.EmployeeManagementApplication    : Started EmployeeManagementApplication in 23.969 seconds (process running for 25.513)
2024-11-12T00:52:19.634+02:00  INFO 420 --- [Employee Management] [http-nio-8080-exec-1] o.a.c.c.C.[Tomcat].[localhost].[/]       : Initializing Spring DispatcherServlet 'dispatcherServlet'
2024-11-12T00:52:19.636+02:00  INFO 420 --- [Employee Management] [http-nio-8080-exec-1] o.s.web.servlet.DispatcherServlet        : Initializing Servlet 'dispatcherServlet'
2024-11-12T00:52:19.646+02:00  INFO 420 --- [Employee Management] [http-nio-8080-exec-1] o.s.web.servlet.DispatcherServlet        : Completed initialization in 6 ms
2024-11-12T00:54:26.335+02:00  WARN 420 --- [Employee Management] [HikariPool-1 housekeeper] com.zaxxer.hikari.pool.HikariPool        : HikariPool-1 - Thread starvation or clock leap detected (housekeeper delta=1m47s683ms173µs100ns).
2024-11-12T00:55:37.645+02:00  INFO 420 --- [Employee Management] [SpringApplicationShutdownHook] j.LocalContainerEntityManagerFactoryBean : Closing JPA EntityManagerFactory for persistence unit 'default'
2024-11-12T00:55:37.653+02:00  INFO 420 --- [Employee Management] [SpringApplicationShutdownHook] com.zaxxer.hikari.HikariDataSource       : HikariPool-1 - Shutdown initiated...
2024-11-12T00:55:37.665+02:00  INFO 420 --- [Employee Management] [SpringApplicationShutdownHook] com.zaxxer.hikari.HikariDataSource       : HikariPool-1 - Shutdown completed.
2024-11-12T00:55:49.423+02:00  INFO 13484 --- [Employee Management] [main] c.d.e.m.EmployeeManagementApplication    : Starting EmployeeManagementApplication using Java 17.0.8 with PID 13484 (E:\Projects\Employee Management\target\classes started by Abdelrahman in E:\Projects\Employee Management)
2024-11-12T00:55:49.431+02:00  INFO 13484 --- [Employee Management] [main] c.d.e.m.EmployeeManagementApplication    : No active profile set, falling back to 1 default profile: "default"
2024-11-12T00:55:53.631+02:00  INFO 13484 --- [Employee Management] [main] .s.d.r.c.RepositoryConfigurationDelegate : Bootstrapping Spring Data JPA repositories in DEFAULT mode.
2024-11-12T00:56:16.370+02:00  INFO 11416 --- [Employee Management] [main] c.d.e.m.EmployeeManagementApplication    : Starting EmployeeManagementApplication using Java 17.0.8 with PID 11416 (E:\Projects\Employee Management\target\classes started by Abdelrahman in E:\Projects\Employee Management)
2024-11-12T00:56:16.383+02:00  INFO 11416 --- [Employee Management] [main] c.d.e.m.EmployeeManagementApplication    : No active profile set, falling back to 1 default profile: "default"
2024-11-12T00:56:20.337+02:00  INFO 11416 --- [Employee Management] [main] .s.d.r.c.RepositoryConfigurationDelegate : Bootstrapping Spring Data JPA repositories in DEFAULT mode.
2024-11-12T00:56:20.501+02:00  INFO 11416 --- [Employee Management] [main] .s.d.r.c.RepositoryConfigurationDelegate : Finished Spring Data repository scanning in 139 ms. Found 1 JPA repository interface.
2024-11-12T00:56:25.806+02:00  INFO 11416 --- [Employee Management] [main] o.s.b.w.embedded.tomcat.TomcatWebServer  : Tomcat initialized with port 8080 (http)
2024-11-12T00:56:25.834+02:00  INFO 11416 --- [Employee Management] [main] o.apache.catalina.core.StandardService   : Starting service [Tomcat]
2024-11-12T00:56:25.834+02:00  INFO 11416 --- [Employee Management] [main] o.apache.catalina.core.StandardEngine    : Starting Servlet engine: [Apache Tomcat/10.1.31]
2024-11-12T00:56:26.415+02:00  INFO 11416 --- [Employee Management] [main] o.a.c.c.C.[Tomcat].[localhost].[/]       : Initializing Spring embedded WebApplicationContext
2024-11-12T00:56:26.424+02:00  INFO 11416 --- [Employee Management] [main] w.s.c.ServletWebServerApplicationContext : Root WebApplicationContext: initialization completed in 9746 ms
2024-11-12T00:56:26.981+02:00  INFO 11416 --- [Employee Management] [main] com.zaxxer.hikari.HikariDataSource       : HikariPool-1 - Starting...
2024-11-12T00:56:28.680+02:00  INFO 11416 --- [Employee Management] [main] com.zaxxer.hikari.pool.HikariPool        : HikariPool-1 - Added connection conn0: url=jdbc:h2:mem:testdb user=SA
2024-11-12T00:56:28.684+02:00  INFO 11416 --- [Employee Management] [main] com.zaxxer.hikari.HikariDataSource       : HikariPool-1 - Start completed.
2024-11-12T00:56:28.817+02:00  INFO 11416 --- [Employee Management] [main] o.s.b.a.h2.H2ConsoleAutoConfiguration    : H2 console available at '/h2-console'. Database available at 'jdbc:h2:mem:testdb'
2024-11-12T00:56:32.754+02:00  INFO 11416 --- [Employee Management] [main] o.hibernate.jpa.internal.util.LogHelper  : HHH000204: Processing PersistenceUnitInfo [name: default]
2024-11-12T00:56:32.927+02:00  INFO 11416 --- [Employee Management] [main] org.hibernate.Version                    : HHH000412: Hibernate ORM core version 6.5.3.Final
2024-11-12T00:56:33.046+02:00  INFO 11416 --- [Employee Management] [main] o.h.c.internal.RegionFactoryInitiator    : HHH000026: Second-level cache disabled
2024-11-12T00:56:35.227+02:00  INFO 11416 --- [Employee Management] [main] o.s.o.j.p.SpringPersistenceUnitInfo      : No LoadTimeWeaver setup: ignoring JPA class transformer
2024-11-12T00:56:39.094+02:00  INFO 11416 --- [Employee Management] [main] o.h.e.t.j.p.i.JtaPlatformInitiator       : HHH000489: No JTA platform available (set 'hibernate.transaction.jta.platform' to enable JTA platform integration)
2024-11-12T00:56:39.211+02:00  INFO 11416 --- [Employee Management] [main] j.LocalContainerEntityManagerFactoryBean : Initialized JPA EntityManagerFactory for persistence unit 'default'
2024-11-12T00:56:42.355+02:00  WARN 11416 --- [Employee Management] [main] JpaBaseConfiguration$JpaWebConfiguration : spring.jpa.open-in-view is enabled by default. Therefore, database queries may be performed during view rendering. Explicitly configure spring.jpa.open-in-view to disable this warning
2024-11-12T00:56:48.316+02:00  INFO 11416 --- [Employee Management] [main] o.s.b.w.embedded.tomcat.TomcatWebServer  : Tomcat started on port 8080 (http) with context path '/'
2024-11-12T00:56:48.352+02:00  INFO 11416 --- [Employee Management] [main] c.d.e.m.EmployeeManagementApplication    : Started EmployeeManagementApplication in 33.618 seconds (process running for 35.425)
2024-11-12T00:56:49.506+02:00  INFO 11416 --- [Employee Management] [http-nio-8080-exec-1] o.a.c.c.C.[Tomcat].[localhost].[/]       : Initializing Spring DispatcherServlet 'dispatcherServlet'
2024-11-12T00:56:49.511+02:00  INFO 11416 --- [Employee Management] [http-nio-8080-exec-1] o.s.web.servlet.DispatcherServlet        : Initializing Servlet 'dispatcherServlet'
2024-11-12T00:56:49.518+02:00  INFO 11416 --- [Employee Management] [http-nio-8080-exec-1] o.s.web.servlet.DispatcherServlet        : Completed initialization in 5 ms
2024-11-12T01:01:24.289+02:00  WARN 11416 --- [Employee Management] [HikariPool-1 housekeeper] com.zaxxer.hikari.pool.HikariPool        : HikariPool-1 - Thread starvation or clock leap detected (housekeeper delta=4m25s241ms855µs200ns).
2024-11-12T01:02:22.161+02:00  INFO 12012 --- [Employee Management] [main] c.d.e.m.EmployeeManagementApplication    : Starting EmployeeManagementApplication using Java 17.0.8 with PID 12012 (E:\Projects\Employee Management\target\classes started by Abdelrahman in E:\Projects\Employee Management)
2024-11-12T01:02:22.169+02:00  INFO 12012 --- [Employee Management] [main] c.d.e.m.EmployeeManagementApplication    : No active profile set, falling back to 1 default profile: "default"
2024-11-12T01:02:25.957+02:00  INFO 12012 --- [Employee Management] [main] .s.d.r.c.RepositoryConfigurationDelegate : Bootstrapping Spring Data JPA repositories in DEFAULT mode.
2024-11-12T01:02:26.178+02:00  INFO 12012 --- [Employee Management] [main] .s.d.r.c.RepositoryConfigurationDelegate : Finished Spring Data repository scanning in 183 ms. Found 1 JPA repository interface.
2024-11-12T01:02:30.355+02:00  INFO 12012 --- [Employee Management] [main] o.s.b.w.embedded.tomcat.TomcatWebServer  : Tomcat initialized with port 8080 (http)
2024-11-12T01:02:30.390+02:00  INFO 12012 --- [Employee Management] [main] o.apache.catalina.core.StandardService   : Starting service [Tomcat]
2024-11-12T01:02:30.391+02:00  INFO 12012 --- [Employee Management] [main] o.apache.catalina.core.StandardEngine    : Starting Servlet engine: [Apache Tomcat/10.1.31]
2024-11-12T01:02:30.734+02:00  INFO 12012 --- [Employee Management] [main] o.a.c.c.C.[Tomcat].[localhost].[/]       : Initializing Spring embedded WebApplicationContext
2024-11-12T01:02:30.735+02:00  INFO 12012 --- [Employee Management] [main] w.s.c.ServletWebServerApplicationContext : Root WebApplicationContext: initialization completed in 8426 ms
2024-11-12T01:02:30.881+02:00  INFO 12012 --- [Employee Management] [main] com.zaxxer.hikari.HikariDataSource       : HikariPool-1 - Starting...
2024-11-12T01:02:31.476+02:00  INFO 12012 --- [Employee Management] [main] com.zaxxer.hikari.pool.HikariPool        : HikariPool-1 - Added connection conn0: url=jdbc:h2:mem:testdb user=SA
2024-11-12T01:02:31.484+02:00  INFO 12012 --- [Employee Management] [main] com.zaxxer.hikari.HikariDataSource       : HikariPool-1 - Start completed.
2024-11-12T01:02:31.562+02:00  INFO 12012 --- [Employee Management] [main] o.s.b.a.h2.H2ConsoleAutoConfiguration    : H2 console available at '/h2-console'. Database available at 'jdbc:h2:mem:testdb'
2024-11-12T01:02:32.400+02:00  INFO 12012 --- [Employee Management] [main] o.hibernate.jpa.internal.util.LogHelper  : HHH000204: Processing PersistenceUnitInfo [name: default]
2024-11-12T01:02:32.659+02:00  INFO 12012 --- [Employee Management] [main] org.hibernate.Version                    : HHH000412: Hibernate ORM core version 6.5.3.Final
2024-11-12T01:02:32.808+02:00  INFO 12012 --- [Employee Management] [main] o.h.c.internal.RegionFactoryInitiator    : HHH000026: Second-level cache disabled
2024-11-12T01:02:34.233+02:00  INFO 12012 --- [Employee Management] [main] o.s.o.j.p.SpringPersistenceUnitInfo      : No LoadTimeWeaver setup: ignoring JPA class transformer
2024-11-12T01:02:37.182+02:00  INFO 12012 --- [Employee Management] [main] o.h.e.t.j.p.i.JtaPlatformInitiator       : HHH000489: No JTA platform available (set 'hibernate.transaction.jta.platform' to enable JTA platform integration)
2024-11-12T01:02:37.291+02:00  INFO 12012 --- [Employee Management] [main] j.LocalContainerEntityManagerFactoryBean : Initialized JPA EntityManagerFactory for persistence unit 'default'
2024-11-12T01:02:40.230+02:00  WARN 12012 --- [Employee Management] [main] JpaBaseConfiguration$JpaWebConfiguration : spring.jpa.open-in-view is enabled by default. Therefore, database queries may be performed during view rendering. Explicitly configure spring.jpa.open-in-view to disable this warning
2024-11-12T01:02:48.341+02:00  INFO 12012 --- [Employee Management] [main] o.s.b.w.embedded.tomcat.TomcatWebServer  : Tomcat started on port 8080 (http) with context path '/'
2024-11-12T01:02:48.391+02:00  INFO 12012 --- [Employee Management] [main] c.d.e.m.EmployeeManagementApplication    : Started EmployeeManagementApplication in 28.051 seconds (process running for 29.653)
2024-11-12T01:02:48.968+02:00  INFO 12012 --- [Employee Management] [http-nio-8080-exec-2] o.a.c.c.C.[Tomcat].[localhost].[/]       : Initializing Spring DispatcherServlet 'dispatcherServlet'
2024-11-12T01:02:48.970+02:00  INFO 12012 --- [Employee Management] [http-nio-8080-exec-2] o.s.web.servlet.DispatcherServlet        : Initializing Servlet 'dispatcherServlet'
2024-11-12T01:02:48.983+02:00  INFO 12012 --- [Employee Management] [http-nio-8080-exec-2] o.s.web.servlet.DispatcherServlet        : Completed initialization in 8 ms
2024-11-12T01:03:49.742+02:00  WARN 12012 --- [Employee Management] [HikariPool-1 housekeeper] com.zaxxer.hikari.pool.HikariPool        : HikariPool-1 - Thread starvation or clock leap detected (housekeeper delta=48s102ms322µs900ns).
2024-11-12T01:03:50.164+02:00 ERROR 12012 --- [Employee Management] [task-1] .a.i.SimpleAsyncUncaughtExceptionHandler : Unexpected exception occurred invoking async method: public void com.digivision.employee.management.service.EmailNotificationService.sendEmployeeCreationNotification(java.lang.String,java.lang.String)

org.springframework.mail.MailSendException: Mail server connection failed. Failed messages: org.eclipse.angus.mail.util.MailConnectException: Couldn't connect to host, port: smtp.example.com, 587; timeout -1;
  nested exception is:
	java.net.UnknownHostException: smtp.example.com
	at org.springframework.mail.javamail.JavaMailSenderImpl.doSend(JavaMailSenderImpl.java:410) ~[spring-context-support-6.1.14.jar:6.1.14]
	at org.springframework.mail.javamail.JavaMailSenderImpl.send(JavaMailSenderImpl.java:317) ~[spring-context-support-6.1.14.jar:6.1.14]
	at org.springframework.mail.MailSender.send(MailSender.java:42) ~[spring-context-support-6.1.14.jar:6.1.14]
	at com.digivision.employee.management.service.EmailNotificationService.sendEmployeeCreationNotification(EmailNotificationService.java:21) ~[classes/:na]
	at java.base/jdk.internal.reflect.NativeMethodAccessorImpl.invoke0(Native Method) ~[na:na]
	at java.base/jdk.internal.reflect.NativeMethodAccessorImpl.invoke(NativeMethodAccessorImpl.java:77) ~[na:na]
	at java.base/jdk.internal.reflect.DelegatingMethodAccessorImpl.invoke(DelegatingMethodAccessorImpl.java:43) ~[na:na]
	at java.base/java.lang.reflect.Method.invoke(Method.java:568) ~[na:na]
	at org.springframework.aop.support.AopUtils.invokeJoinpointUsingReflection(AopUtils.java:355) ~[spring-aop-6.1.14.jar:6.1.14]
	at org.springframework.aop.framework.ReflectiveMethodInvocation.invokeJoinpoint(ReflectiveMethodInvocation.java:196) ~[spring-aop-6.1.14.jar:6.1.14]
	at org.springframework.aop.framework.ReflectiveMethodInvocation.proceed(ReflectiveMethodInvocation.java:163) ~[spring-aop-6.1.14.jar:6.1.14]
	at org.springframework.aop.framework.CglibAopProxy$CglibMethodInvocation.proceed(CglibAopProxy.java:768) ~[spring-aop-6.1.14.jar:6.1.14]
	at org.springframework.aop.interceptor.AsyncExecutionInterceptor.lambda$invoke$0(AsyncExecutionInterceptor.java:113) ~[spring-aop-6.1.14.jar:6.1.14]
	at java.base/java.util.concurrent.FutureTask.run$$$capture(FutureTask.java:264) ~[na:na]
	at java.base/java.util.concurrent.FutureTask.run(FutureTask.java) ~[na:na]
	at java.base/java.util.concurrent.ThreadPoolExecutor.runWorker(ThreadPoolExecutor.java:1136) ~[na:na]
	at java.base/java.util.concurrent.ThreadPoolExecutor$Worker.run(ThreadPoolExecutor.java:635) ~[na:na]
	at java.base/java.lang.Thread.run(Thread.java:833) ~[na:na]
Caused by: org.eclipse.angus.mail.util.MailConnectException: Couldn't connect to host, port: smtp.example.com, 587; timeout -1
	at org.eclipse.angus.mail.smtp.SMTPTransport.openServer(SMTPTransport.java:2243) ~[jakarta.mail-2.0.3.jar:na]
	at org.eclipse.angus.mail.smtp.SMTPTransport.protocolConnect(SMTPTransport.java:729) ~[jakarta.mail-2.0.3.jar:na]
	at jakarta.mail.Service.connect(Service.java:345) ~[jakarta.mail-2.0.3.jar:na]
	at org.springframework.mail.javamail.JavaMailSenderImpl.connectTransport(JavaMailSenderImpl.java:480) ~[spring-context-support-6.1.14.jar:6.1.14]
	at org.springframework.mail.javamail.JavaMailSenderImpl.doSend(JavaMailSenderImpl.java:399) ~[spring-context-support-6.1.14.jar:6.1.14]
	... 17 common frames omitted
Caused by: java.net.UnknownHostException: smtp.example.com
	at java.base/sun.nio.ch.NioSocketImpl.connect(NioSocketImpl.java:567) ~[na:na]
	at java.base/java.net.SocksSocketImpl.connect(SocksSocketImpl.java:327) ~[na:na]
	at java.base/java.net.Socket.connect(Socket.java:633) ~[na:na]
	at java.base/java.net.Socket.connect(Socket.java:583) ~[na:na]
	at org.eclipse.angus.mail.util.SocketFetcher.createSocket(SocketFetcher.java:368) ~[jakarta.mail-2.0.3.jar:na]
	at org.eclipse.angus.mail.util.SocketFetcher.getSocket(SocketFetcher.java:243) ~[jakarta.mail-2.0.3.jar:na]
	at org.eclipse.angus.mail.smtp.SMTPTransport.openServer(SMTPTransport.java:2193) ~[jakarta.mail-2.0.3.jar:na]
	... 21 common frames omitted

2024-11-12T01:06:34.279+02:00  INFO 3544 --- [Employee Management] [main] c.d.e.m.EmployeeManagementApplication    : Starting EmployeeManagementApplication using Java 17.0.8 with PID 3544 (E:\Projects\Employee Management\target\classes started by Abdelrahman in E:\Projects\Employee Management)
2024-11-12T01:06:34.288+02:00  INFO 3544 --- [Employee Management] [main] c.d.e.m.EmployeeManagementApplication    : No active profile set, falling back to 1 default profile: "default"
2024-11-12T01:06:38.289+02:00  INFO 3544 --- [Employee Management] [main] .s.d.r.c.RepositoryConfigurationDelegate : Bootstrapping Spring Data JPA repositories in DEFAULT mode.
2024-11-12T01:06:38.578+02:00  INFO 3544 --- [Employee Management] [main] .s.d.r.c.RepositoryConfigurationDelegate : Finished Spring Data repository scanning in 207 ms. Found 1 JPA repository interface.
2024-11-12T01:06:42.445+02:00  INFO 3544 --- [Employee Management] [main] o.s.b.w.embedded.tomcat.TomcatWebServer  : Tomcat initialized with port 8080 (http)
2024-11-12T01:06:42.499+02:00  INFO 3544 --- [Employee Management] [main] o.apache.catalina.core.StandardService   : Starting service [Tomcat]
2024-11-12T01:06:42.501+02:00  INFO 3544 --- [Employee Management] [main] o.apache.catalina.core.StandardEngine    : Starting Servlet engine: [Apache Tomcat/10.1.31]
2024-11-12T01:06:42.787+02:00  INFO 3544 --- [Employee Management] [main] o.a.c.c.C.[Tomcat].[localhost].[/]       : Initializing Spring embedded WebApplicationContext
2024-11-12T01:06:42.789+02:00  INFO 3544 --- [Employee Management] [main] w.s.c.ServletWebServerApplicationContext : Root WebApplicationContext: initialization completed in 8261 ms
2024-11-12T01:06:43.090+02:00  INFO 3544 --- [Employee Management] [main] com.zaxxer.hikari.HikariDataSource       : HikariPool-1 - Starting...
2024-11-12T01:06:44.574+02:00  INFO 3544 --- [Employee Management] [main] com.zaxxer.hikari.pool.HikariPool        : HikariPool-1 - Added connection conn0: url=jdbc:h2:mem:testdb user=SA
2024-11-12T01:06:44.590+02:00  INFO 3544 --- [Employee Management] [main] com.zaxxer.hikari.HikariDataSource       : HikariPool-1 - Start completed.
2024-11-12T01:06:44.689+02:00  INFO 3544 --- [Employee Management] [main] o.s.b.a.h2.H2ConsoleAutoConfiguration    : H2 console available at '/h2-console'. Database available at 'jdbc:h2:mem:testdb'
2024-11-12T01:06:45.835+02:00  INFO 3544 --- [Employee Management] [main] o.hibernate.jpa.internal.util.LogHelper  : HHH000204: Processing PersistenceUnitInfo [name: default]
2024-11-12T01:06:46.131+02:00  INFO 3544 --- [Employee Management] [main] org.hibernate.Version                    : HHH000412: Hibernate ORM core version 6.5.3.Final
2024-11-12T01:06:46.265+02:00  INFO 3544 --- [Employee Management] [main] o.h.c.internal.RegionFactoryInitiator    : HHH000026: Second-level cache disabled
2024-11-12T01:06:48.518+02:00  INFO 3544 --- [Employee Management] [main] o.s.o.j.p.SpringPersistenceUnitInfo      : No LoadTimeWeaver setup: ignoring JPA class transformer
2024-11-12T01:06:52.684+02:00  INFO 3544 --- [Employee Management] [main] o.h.e.t.j.p.i.JtaPlatformInitiator       : HHH000489: No JTA platform available (set 'hibernate.transaction.jta.platform' to enable JTA platform integration)
2024-11-12T01:06:52.846+02:00  INFO 3544 --- [Employee Management] [main] j.LocalContainerEntityManagerFactoryBean : Initialized JPA EntityManagerFactory for persistence unit 'default'
2024-11-12T01:06:57.604+02:00  WARN 3544 --- [Employee Management] [main] JpaBaseConfiguration$JpaWebConfiguration : spring.jpa.open-in-view is enabled by default. Therefore, database queries may be performed during view rendering. Explicitly configure spring.jpa.open-in-view to disable this warning
2024-11-12T01:07:01.942+02:00  INFO 3544 --- [Employee Management] [main] o.s.b.w.embedded.tomcat.TomcatWebServer  : Tomcat started on port 8080 (http) with context path '/'
2024-11-12T01:07:02.082+02:00  INFO 3544 --- [Employee Management] [main] c.d.e.m.EmployeeManagementApplication    : Started EmployeeManagementApplication in 30.101 seconds (process running for 32.195)
2024-11-12T01:07:03.088+02:00  INFO 3544 --- [Employee Management] [http-nio-8080-exec-2] o.a.c.c.C.[Tomcat].[localhost].[/]       : Initializing Spring DispatcherServlet 'dispatcherServlet'
2024-11-12T01:07:03.093+02:00  INFO 3544 --- [Employee Management] [http-nio-8080-exec-2] o.s.web.servlet.DispatcherServlet        : Initializing Servlet 'dispatcherServlet'
2024-11-12T01:07:03.102+02:00  INFO 3544 --- [Employee Management] [http-nio-8080-exec-2] o.s.web.servlet.DispatcherServlet        : Completed initialization in 7 ms
2024-11-12T01:07:14.426+02:00 ERROR 3544 --- [Employee Management] [task-1] .a.i.SimpleAsyncUncaughtExceptionHandler : Unexpected exception occurred invoking async method: public void com.digivision.employee.management.service.EmailNotificationService.sendEmployeeCreationNotification(java.lang.String,java.lang.String)

org.springframework.mail.MailAuthenticationException: Authentication failed
	at org.springframework.mail.javamail.JavaMailSenderImpl.doSend(JavaMailSenderImpl.java:402) ~[spring-context-support-6.1.14.jar:6.1.14]
	at org.springframework.mail.javamail.JavaMailSenderImpl.send(JavaMailSenderImpl.java:317) ~[spring-context-support-6.1.14.jar:6.1.14]
	at org.springframework.mail.MailSender.send(MailSender.java:42) ~[spring-context-support-6.1.14.jar:6.1.14]
	at com.digivision.employee.management.service.EmailNotificationService.sendEmployeeCreationNotification(EmailNotificationService.java:21) ~[classes/:na]
	at java.base/jdk.internal.reflect.NativeMethodAccessorImpl.invoke0(Native Method) ~[na:na]
	at java.base/jdk.internal.reflect.NativeMethodAccessorImpl.invoke(NativeMethodAccessorImpl.java:77) ~[na:na]
	at java.base/jdk.internal.reflect.DelegatingMethodAccessorImpl.invoke(DelegatingMethodAccessorImpl.java:43) ~[na:na]
	at java.base/java.lang.reflect.Method.invoke(Method.java:568) ~[na:na]
	at org.springframework.aop.support.AopUtils.invokeJoinpointUsingReflection(AopUtils.java:355) ~[spring-aop-6.1.14.jar:6.1.14]
	at org.springframework.aop.framework.ReflectiveMethodInvocation.invokeJoinpoint(ReflectiveMethodInvocation.java:196) ~[spring-aop-6.1.14.jar:6.1.14]
	at org.springframework.aop.framework.ReflectiveMethodInvocation.proceed(ReflectiveMethodInvocation.java:163) ~[spring-aop-6.1.14.jar:6.1.14]
	at org.springframework.aop.framework.CglibAopProxy$CglibMethodInvocation.proceed(CglibAopProxy.java:768) ~[spring-aop-6.1.14.jar:6.1.14]
	at org.springframework.aop.interceptor.AsyncExecutionInterceptor.lambda$invoke$0(AsyncExecutionInterceptor.java:113) ~[spring-aop-6.1.14.jar:6.1.14]
	at java.base/java.util.concurrent.FutureTask.run$$$capture(FutureTask.java:264) ~[na:na]
	at java.base/java.util.concurrent.FutureTask.run(FutureTask.java) ~[na:na]
	at java.base/java.util.concurrent.ThreadPoolExecutor.runWorker(ThreadPoolExecutor.java:1136) ~[na:na]
	at java.base/java.util.concurrent.ThreadPoolExecutor$Worker.run(ThreadPoolExecutor.java:635) ~[na:na]
	at java.base/java.lang.Thread.run(Thread.java:833) ~[na:na]
Caused by: jakarta.mail.AuthenticationFailedException: 535-5.7.8 Username and Password not accepted. For more information, go to
535 5.7.8  https://support.google.com/mail/?p=BadCredentials ffacd0b85a97d-381ed970e18sm13789009f8f.10 - gsmtp

	at org.eclipse.angus.mail.smtp.SMTPTransport$Authenticator.authenticate(SMTPTransport.java:954) ~[jakarta.mail-2.0.3.jar:na]
	at org.eclipse.angus.mail.smtp.SMTPTransport.authenticate(SMTPTransport.java:865) ~[jakarta.mail-2.0.3.jar:na]
	at org.eclipse.angus.mail.smtp.SMTPTransport.protocolConnect(SMTPTransport.java:769) ~[jakarta.mail-2.0.3.jar:na]
	at jakarta.mail.Service.connect(Service.java:345) ~[jakarta.mail-2.0.3.jar:na]
	at org.springframework.mail.javamail.JavaMailSenderImpl.connectTransport(JavaMailSenderImpl.java:480) ~[spring-context-support-6.1.14.jar:6.1.14]
	at org.springframework.mail.javamail.JavaMailSenderImpl.doSend(JavaMailSenderImpl.java:399) ~[spring-context-support-6.1.14.jar:6.1.14]
	... 17 common frames omitted

2024-11-12T01:07:35.372+02:00  INFO 3544 --- [Employee Management] [SpringApplicationShutdownHook] j.LocalContainerEntityManagerFactoryBean : Closing JPA EntityManagerFactory for persistence unit 'default'
2024-11-12T01:07:35.380+02:00  INFO 3544 --- [Employee Management] [SpringApplicationShutdownHook] com.zaxxer.hikari.HikariDataSource       : HikariPool-1 - Shutdown initiated...
2024-11-12T01:07:35.390+02:00  INFO 3544 --- [Employee Management] [SpringApplicationShutdownHook] com.zaxxer.hikari.HikariDataSource       : HikariPool-1 - Shutdown completed.
2024-11-12T01:07:42.022+02:00  INFO 7488 --- [Employee Management] [main] c.d.e.m.EmployeeManagementApplication    : Starting EmployeeManagementApplication using Java 17.0.8 with PID 7488 (E:\Projects\Employee Management\target\classes started by Abdelrahman in E:\Projects\Employee Management)
2024-11-12T01:07:42.028+02:00  INFO 7488 --- [Employee Management] [main] c.d.e.m.EmployeeManagementApplication    : No active profile set, falling back to 1 default profile: "default"
2024-11-12T01:07:46.323+02:00  INFO 7488 --- [Employee Management] [main] .s.d.r.c.RepositoryConfigurationDelegate : Bootstrapping Spring Data JPA repositories in DEFAULT mode.
2024-11-12T01:07:46.826+02:00  INFO 7488 --- [Employee Management] [main] .s.d.r.c.RepositoryConfigurationDelegate : Finished Spring Data repository scanning in 473 ms. Found 1 JPA repository interface.
2024-11-12T01:07:54.500+02:00  INFO 7488 --- [Employee Management] [main] o.s.b.w.embedded.tomcat.TomcatWebServer  : Tomcat initialized with port 8080 (http)
2024-11-12T01:07:54.681+02:00  INFO 7488 --- [Employee Management] [main] o.apache.catalina.core.StandardService   : Starting service [Tomcat]
2024-11-12T01:07:54.683+02:00  INFO 7488 --- [Employee Management] [main] o.apache.catalina.core.StandardEngine    : Starting Servlet engine: [Apache Tomcat/10.1.31]
2024-11-12T01:07:55.336+02:00  INFO 7488 --- [Employee Management] [main] o.a.c.c.C.[Tomcat].[localhost].[/]       : Initializing Spring embedded WebApplicationContext
2024-11-12T01:07:55.338+02:00  INFO 7488 --- [Employee Management] [main] w.s.c.ServletWebServerApplicationContext : Root WebApplicationContext: initialization completed in 13120 ms
2024-11-12T01:07:55.820+02:00  INFO 7488 --- [Employee Management] [main] com.zaxxer.hikari.HikariDataSource       : HikariPool-1 - Starting...
2024-11-12T01:07:57.474+02:00  INFO 7488 --- [Employee Management] [main] com.zaxxer.hikari.pool.HikariPool        : HikariPool-1 - Added connection conn0: url=jdbc:h2:mem:testdb user=SA
2024-11-12T01:07:57.482+02:00  INFO 7488 --- [Employee Management] [main] com.zaxxer.hikari.HikariDataSource       : HikariPool-1 - Start completed.
2024-11-12T01:07:57.518+02:00  INFO 7488 --- [Employee Management] [main] o.s.b.a.h2.H2ConsoleAutoConfiguration    : H2 console available at '/h2-console'. Database available at 'jdbc:h2:mem:testdb'
2024-11-12T01:07:59.104+02:00  INFO 7488 --- [Employee Management] [main] o.hibernate.jpa.internal.util.LogHelper  : HHH000204: Processing PersistenceUnitInfo [name: default]
2024-11-12T01:07:59.638+02:00  INFO 7488 --- [Employee Management] [main] org.hibernate.Version                    : HHH000412: Hibernate ORM core version 6.5.3.Final
2024-11-12T01:07:59.864+02:00  INFO 7488 --- [Employee Management] [main] o.h.c.internal.RegionFactoryInitiator    : HHH000026: Second-level cache disabled
2024-11-12T01:08:01.614+02:00  INFO 7488 --- [Employee Management] [main] o.s.o.j.p.SpringPersistenceUnitInfo      : No LoadTimeWeaver setup: ignoring JPA class transformer
2024-11-12T01:08:05.330+02:00  INFO 7488 --- [Employee Management] [main] o.h.e.t.j.p.i.JtaPlatformInitiator       : HHH000489: No JTA platform available (set 'hibernate.transaction.jta.platform' to enable JTA platform integration)
2024-11-12T01:08:05.441+02:00  INFO 7488 --- [Employee Management] [main] j.LocalContainerEntityManagerFactoryBean : Initialized JPA EntityManagerFactory for persistence unit 'default'
2024-11-12T01:08:07.647+02:00  WARN 7488 --- [Employee Management] [main] JpaBaseConfiguration$JpaWebConfiguration : spring.jpa.open-in-view is enabled by default. Therefore, database queries may be performed during view rendering. Explicitly configure spring.jpa.open-in-view to disable this warning
2024-11-12T01:08:10.795+02:00  INFO 7488 --- [Employee Management] [main] o.s.b.w.embedded.tomcat.TomcatWebServer  : Tomcat started on port 8080 (http) with context path '/'
2024-11-12T01:08:10.895+02:00  INFO 7488 --- [Employee Management] [main] c.d.e.m.EmployeeManagementApplication    : Started EmployeeManagementApplication in 30.864 seconds (process running for 32.527)
